2025-01-11T03:09:17.877Z [LEARN BACKEND] info: SERVER IS RUNNING ON PORT 3000
2025-01-11T03:09:17.922Z [LEARN BACKEND] info: DB CONNECTION SUCCESSFULL
2025-01-11T03:09:17.948Z [LEARN BACKEND] info: $2b$10$Jsue5ZFTjduX2lt5MLDrw.qWab1koSHbYmmgoerK4OWooxSoFo5mu
2025-01-11T03:10:32.422Z [LEARN BACKEND] info: SERVER IS RUNNING ON PORT 3000
2025-01-11T03:10:32.435Z [LEARN BACKEND] info: DB CONNECTION SUCCESSFULL
2025-01-11T03:10:32.479Z [LEARN BACKEND] info: true
2025-01-11T03:10:32.489Z [LEARN BACKEND] info: $2b$10$4IFiJmUV2t65IloofsCx/.Eucloto/pFMxK0KgLGbfBVom0VMPCmK
2025-01-11T03:10:41.300Z [LEARN BACKEND] info: SERVER IS RUNNING ON PORT 3000
2025-01-11T03:10:41.306Z [LEARN BACKEND] info: DB CONNECTION SUCCESSFULL
2025-01-11T03:10:41.358Z [LEARN BACKEND] info: false
2025-01-11T03:10:41.362Z [LEARN BACKEND] info: $2b$10$p1eRI0SzonBiAjIJ4xGy5O0/Xzea6M8etw5FFfOooV86zeCxXvWq6
2025-01-11T03:33:46.515Z [LEARN BACKEND] info: eyJhbGciOiJIUzI1NiIsInR5cCI6IkpXVCJ9.eyJ1c2VyIjoibmlyYWogcGF0aWwiLCJpZCI6MSwiaWF0IjoxNzM2NTY2NDI2LCJleHAiOjE3Mzc4NjI0MjZ9.NwPklOSwRtdDIsuuAhkDuon7SYjDASxhQQTsW0ss2Ow
2025-01-11T03:33:46.518Z [LEARN BACKEND] info: SERVER IS RUNNING ON PORT 3000
2025-01-11T03:33:46.534Z [LEARN BACKEND] info: DB CONNECTION SUCCESSFULL
2025-01-11T03:34:22.970Z [LEARN BACKEND] info: eyJhbGciOiJIUzI1NiIsInR5cCI6IkpXVCJ9.eyJ1c2VyIjoibmlyYWogcGF0aWwiLCJpZCI6MSwiaWF0IjoxNzM2NTY2NDYyLCJleHAiOjE3Mzc4NjI0NjJ9.zYxMYgYPBP1Kf2ermIN_wflDfHQ9fk5CX6MykV99w90
2025-01-11T03:34:22.972Z [LEARN BACKEND] info: [object Object]
2025-01-11T03:34:22.973Z [LEARN BACKEND] info: SERVER IS RUNNING ON PORT 3000
2025-01-11T03:34:22.979Z [LEARN BACKEND] info: DB CONNECTION SUCCESSFULL
2025-01-11T03:34:50.520Z [LEARN BACKEND] info: eyJhbGciOiJIUzI1NiIsInR5cCI6IkpXVCJ9.eyJ1c2VyIjoibmlyYWogcGF0aWwiLCJpZCI6MSwiaWF0IjoxNzM2NTY2NDkwLCJleHAiOjE3Mzc4NjI0OTB9.KVcshP6u3eUt1vj8VNFkPvZlW-1pbJ5z61bE7xri9VA
2025-01-11T03:34:50.522Z [LEARN BACKEND] info: 1
2025-01-11T03:34:50.524Z [LEARN BACKEND] info: SERVER IS RUNNING ON PORT 3000
2025-01-11T03:34:50.529Z [LEARN BACKEND] info: DB CONNECTION SUCCESSFULL
