2025-01-08T12:01:33.795Z [undefined] info: SERVER IS RUNNING ON PORT 3000
2025-01-08T12:01:33.801Z [undefined] info: DB CONNECTION SUCCESSFULL
2025-01-08T12:01:43.731Z [undefined] info: GET /api/v1/user 201 440 - 62.444 ms
2025-01-08T12:03:32.147Z [undefined] info: POST /api/v1/user 201 159 - 12.086 ms
2025-01-08T12:03:40.334Z [undefined] info: GET /api/v1/user 201 535 - 4.853 ms
2025-01-08T12:04:12.400Z [undefined] info: GET /api/v1/user 201 535 - 3.185 ms
2025-01-08T12:06:12.964Z [LEARN BACKEND] info: SERVER IS RUNNING ON PORT 3000
2025-01-08T12:06:12.970Z [LEARN BACKEND] info: DB CONNECTION SUCCESSFULL
2025-01-08T12:06:22.833Z [LEARN BACKEND] info: SERVER IS RUNNING ON PORT 3000
2025-01-08T12:06:22.839Z [LEARN BACKEND] info: DB CONNECTION SUCCESSFULL
2025-01-08T12:07:09.239Z [LEARN BACKEND] info: SERVER IS RUNNING ON PORT 3000
2025-01-08T12:07:09.246Z [LEARN BACKEND] info: DB CONNECTION SUCCESSFULL
2025-01-08T12:07:14.866Z [LEARN BACKEND] info: SERVER IS RUNNING ON PORT 3000
2025-01-08T12:07:14.873Z [LEARN BACKEND] info: DB CONNECTION SUCCESSFULL
2025-01-08T12:08:03.880Z [LEARN BACKEND] info: SERVER IS RUNNING ON PORT 3000
2025-01-08T12:08:03.886Z [LEARN BACKEND] info: DB CONNECTION SUCCESSFULL
2025-01-08T12:08:27.070Z [LEARN BACKEND] info: SERVER IS RUNNING ON PORT 3000
2025-01-08T12:08:27.076Z [LEARN BACKEND] info: DB CONNECTION SUCCESSFULL
2025-01-08T12:08:55.072Z [LEARN BACKEND] info: SERVER IS RUNNING ON PORT 3000
2025-01-08T12:08:55.077Z [LEARN BACKEND] info: DB CONNECTION SUCCESSFULL
2025-01-08T12:09:09.892Z [LEARN BACKEND] info: GET /test 200 25 - 6.985 ms
2025-01-08T12:09:36.027Z [LEARN BACKEND] info: SERVER IS RUNNING ON PORT 3000
2025-01-08T12:09:36.033Z [LEARN BACKEND] info: DB CONNECTION SUCCESSFULL
2025-01-08T12:09:38.499Z [LEARN BACKEND] info: GET /test 200 25 - 2.122 ms
2025-01-08T12:10:12.796Z [LEARN BACKEND] info: SERVER IS RUNNING ON PORT 3000
2025-01-08T12:10:12.802Z [LEARN BACKEND] info: DB CONNECTION SUCCESSFULL
2025-01-08T12:10:15.045Z [LEARN BACKEND] info: GET /test 200 25 - 2.494 ms
2025-01-08T12:10:28.112Z [LEARN BACKEND] info: SERVER IS RUNNING ON PORT 3000
2025-01-08T12:10:28.118Z [LEARN BACKEND] info: DB CONNECTION SUCCESSFULL
2025-01-08T12:10:50.967Z [LEARN BACKEND] info: SERVER IS RUNNING ON PORT 3000
2025-01-08T12:10:50.973Z [LEARN BACKEND] info: DB CONNECTION SUCCESSFULL
2025-01-08T12:11:07.812Z [LEARN BACKEND] info: SERVER IS RUNNING ON PORT 3000
2025-01-08T12:11:07.828Z [LEARN BACKEND] info: DB CONNECTION SUCCESSFULL
2025-01-08T12:11:20.522Z [LEARN BACKEND] info: SERVER IS RUNNING ON PORT 3000
2025-01-08T12:11:20.528Z [LEARN BACKEND] info: DB CONNECTION SUCCESSFULL
2025-01-08T12:11:22.923Z [LEARN BACKEND] info: SERVER IS RUNNING ON PORT 3000
2025-01-08T12:11:22.929Z [LEARN BACKEND] info: DB CONNECTION SUCCESSFULL
2025-01-08T12:11:28.548Z [LEARN BACKEND] info: SERVER IS RUNNING ON PORT 3000
2025-01-08T12:11:28.553Z [LEARN BACKEND] info: DB CONNECTION SUCCESSFULL
2025-01-08T12:11:52.963Z [LEARN BACKEND] info: SERVER IS RUNNING ON PORT 3000
2025-01-08T12:11:52.970Z [LEARN BACKEND] info: DB CONNECTION SUCCESSFULL
2025-01-08T12:12:04.032Z [LEARN BACKEND] info: GET /test 404 143 - 1.464 ms
2025-01-08T12:12:15.879Z [LEARN BACKEND] info: GET /api/v1/user 201 535 - 20.008 ms
2025-01-08T12:15:19.721Z [LEARN BACKEND] info: SERVER IS RUNNING ON PORT 3000
2025-01-08T12:15:19.740Z [LEARN BACKEND] info: DB CONNECTION SUCCESSFULL
