2025-01-13T08:29:58.768Z [LEARN BACKEND] info: SERVER IS RUNNING ON PORT 3000
2025-01-13T08:29:58.815Z [LEARN BACKEND] info: DB CONNECTION SUCCESSFULL
2025-01-13T08:30:05.026Z [LEARN BACKEND] info: SERVER IS RUNNING ON PORT 3000
2025-01-13T08:30:05.035Z [LEARN BACKEND] info: DB CONNECTION SUCCESSFULL
2025-01-13T08:31:09.762Z [LEARN BACKEND] info: SERVER IS RUNNING ON PORT 3000
2025-01-13T08:31:09.768Z [LEARN BACKEND] info: DB CONNECTION SUCCESSFULL
2025-01-13T08:31:23.321Z [LEARN BACKEND] info: SERVER IS RUNNING ON PORT 3000
2025-01-13T08:31:23.328Z [LEARN BACKEND] info: DB CONNECTION SUCCESSFULL
2025-01-13T08:32:23.692Z [LEARN BACKEND] info: SERVER IS RUNNING ON PORT 3000
2025-01-13T08:32:23.697Z [LEARN BACKEND] info: DB CONNECTION SUCCESSFULL
2025-01-13T08:32:47.948Z [LEARN BACKEND] info: SERVER IS RUNNING ON PORT 3000
2025-01-13T08:32:47.956Z [LEARN BACKEND] info: DB CONNECTION SUCCESSFULL
2025-01-13T08:34:04.948Z [LEARN BACKEND] info: SERVER IS RUNNING ON PORT 3000
2025-01-13T08:34:04.961Z [LEARN BACKEND] info: DB CONNECTION SUCCESSFULL
2025-01-13T08:34:13.806Z [LEARN BACKEND] info: SERVER IS RUNNING ON PORT 3000
2025-01-13T08:34:13.815Z [LEARN BACKEND] info: DB CONNECTION SUCCESSFULL
2025-01-13T08:35:37.624Z [LEARN BACKEND] info: SERVER IS RUNNING ON PORT 3000
2025-01-13T08:35:37.636Z [LEARN BACKEND] info: DB CONNECTION SUCCESSFULL
2025-01-13T08:35:57.808Z [LEARN BACKEND] info: SERVER IS RUNNING ON PORT 3000
2025-01-13T08:35:57.815Z [LEARN BACKEND] info: DB CONNECTION SUCCESSFULL
2025-01-13T08:37:14.144Z [LEARN BACKEND] info: SERVER IS RUNNING ON PORT 3000
2025-01-13T08:37:14.157Z [LEARN BACKEND] info: DB CONNECTION SUCCESSFULL
2025-01-13T08:38:15.838Z [LEARN BACKEND] info: SERVER IS RUNNING ON PORT 3000
2025-01-13T08:38:15.845Z [LEARN BACKEND] info: DB CONNECTION SUCCESSFULL
2025-01-13T08:38:22.269Z [LEARN BACKEND] info: SERVER IS RUNNING ON PORT 3000
2025-01-13T08:38:22.276Z [LEARN BACKEND] info: DB CONNECTION SUCCESSFULL
2025-01-13T08:38:25.677Z [LEARN BACKEND] info: SERVER IS RUNNING ON PORT 3000
2025-01-13T08:38:25.684Z [LEARN BACKEND] info: DB CONNECTION SUCCESSFULL
2025-01-13T08:38:39.486Z [LEARN BACKEND] info: SERVER IS RUNNING ON PORT 3000
2025-01-13T08:38:39.493Z [LEARN BACKEND] info: DB CONNECTION SUCCESSFULL
2025-01-13T08:39:08.239Z [LEARN BACKEND] info: SERVER IS RUNNING ON PORT 3000
2025-01-13T08:39:08.249Z [LEARN BACKEND] info: DB CONNECTION SUCCESSFULL
2025-01-13T08:39:22.210Z [LEARN BACKEND] info: SERVER IS RUNNING ON PORT 3000
2025-01-13T08:39:22.216Z [LEARN BACKEND] info: DB CONNECTION SUCCESSFULL
2025-01-13T08:39:32.719Z [LEARN BACKEND] info: SERVER IS RUNNING ON PORT 3000
2025-01-13T08:39:32.726Z [LEARN BACKEND] info: DB CONNECTION SUCCESSFULL
2025-01-13T08:39:51.352Z [LEARN BACKEND] info: SERVER IS RUNNING ON PORT 3000
2025-01-13T08:39:51.360Z [LEARN BACKEND] info: DB CONNECTION SUCCESSFULL
2025-01-13T08:40:11.980Z [LEARN BACKEND] info: SERVER IS RUNNING ON PORT 3000
2025-01-13T08:40:11.988Z [LEARN BACKEND] info: DB CONNECTION SUCCESSFULL
2025-01-13T08:43:06.714Z [LEARN BACKEND] info: SERVER IS RUNNING ON PORT 3000
2025-01-13T08:43:06.725Z [LEARN BACKEND] info: DB CONNECTION SUCCESSFULL
2025-01-13T08:43:30.283Z [LEARN BACKEND] info: SERVER IS RUNNING ON PORT 3000
2025-01-13T08:43:30.289Z [LEARN BACKEND] info: DB CONNECTION SUCCESSFULL
2025-01-13T08:43:37.859Z [LEARN BACKEND] info: SERVER IS RUNNING ON PORT 3000
2025-01-13T08:43:37.866Z [LEARN BACKEND] info: DB CONNECTION SUCCESSFULL
2025-01-13T08:44:16.681Z [LEARN BACKEND] info: SERVER IS RUNNING ON PORT 3000
2025-01-13T08:44:16.689Z [LEARN BACKEND] info: DB CONNECTION SUCCESSFULL
2025-01-13T08:44:19.693Z [LEARN BACKEND] info: SERVER IS RUNNING ON PORT 3000
2025-01-13T08:44:19.700Z [LEARN BACKEND] info: DB CONNECTION SUCCESSFULL
2025-01-13T08:44:21.705Z [LEARN BACKEND] info: SERVER IS RUNNING ON PORT 3000
2025-01-13T08:44:21.713Z [LEARN BACKEND] info: DB CONNECTION SUCCESSFULL
2025-01-13T08:44:53.901Z [LEARN BACKEND] info: SERVER IS RUNNING ON PORT 3000
2025-01-13T08:44:53.910Z [LEARN BACKEND] info: DB CONNECTION SUCCESSFULL
2025-01-13T08:45:06.559Z [LEARN BACKEND] info: SERVER IS RUNNING ON PORT 3000
2025-01-13T08:45:06.566Z [LEARN BACKEND] info: DB CONNECTION SUCCESSFULL
2025-01-13T08:45:17.625Z [LEARN BACKEND] info: SERVER IS RUNNING ON PORT 3000
2025-01-13T08:45:17.632Z [LEARN BACKEND] info: DB CONNECTION SUCCESSFULL
2025-01-13T08:45:22.833Z [LEARN BACKEND] info: SERVER IS RUNNING ON PORT 3000
2025-01-13T08:45:22.840Z [LEARN BACKEND] info: DB CONNECTION SUCCESSFULL
2025-01-13T08:45:24.611Z [LEARN BACKEND] info: SERVER IS RUNNING ON PORT 3000
2025-01-13T08:45:24.618Z [LEARN BACKEND] info: DB CONNECTION SUCCESSFULL
2025-01-13T08:54:57.236Z [LEARN BACKEND] info: SERVER IS RUNNING ON PORT 3000
2025-01-13T08:54:57.248Z [LEARN BACKEND] info: DB CONNECTION SUCCESSFULL
2025-01-13T08:55:25.550Z [LEARN BACKEND] info: SERVER IS RUNNING ON PORT 3000
2025-01-13T08:55:25.561Z [LEARN BACKEND] info: DB CONNECTION SUCCESSFULL
2025-01-13T08:55:33.975Z [LEARN BACKEND] info: SERVER IS RUNNING ON PORT 3000
2025-01-13T08:55:33.984Z [LEARN BACKEND] info: DB CONNECTION SUCCESSFULL
2025-01-13T08:55:57.409Z [LEARN BACKEND] info: SERVER IS RUNNING ON PORT 3000
2025-01-13T08:55:57.416Z [LEARN BACKEND] info: DB CONNECTION SUCCESSFULL
2025-01-13T08:56:18.438Z [LEARN BACKEND] info: SERVER IS RUNNING ON PORT 3000
2025-01-13T08:56:18.447Z [LEARN BACKEND] info: DB CONNECTION SUCCESSFULL
2025-01-13T08:56:32.652Z [LEARN BACKEND] info: SERVER IS RUNNING ON PORT 3000
2025-01-13T08:56:32.658Z [LEARN BACKEND] info: DB CONNECTION SUCCESSFULL
2025-01-13T08:56:59.934Z [LEARN BACKEND] info: SERVER IS RUNNING ON PORT 3000
2025-01-13T08:56:59.943Z [LEARN BACKEND] info: DB CONNECTION SUCCESSFULL
2025-01-13T08:57:21.140Z [LEARN BACKEND] info: SERVER IS RUNNING ON PORT 3000
2025-01-13T08:57:21.147Z [LEARN BACKEND] info: DB CONNECTION SUCCESSFULL
2025-01-13T08:57:33.935Z [LEARN BACKEND] info: SERVER IS RUNNING ON PORT 3000
2025-01-13T08:57:33.946Z [LEARN BACKEND] info: DB CONNECTION SUCCESSFULL
2025-01-13T08:57:55.777Z [LEARN BACKEND] info: SERVER IS RUNNING ON PORT 3000
2025-01-13T08:57:55.785Z [LEARN BACKEND] info: DB CONNECTION SUCCESSFULL
2025-01-13T08:57:56.793Z [LEARN BACKEND] info: SERVER IS RUNNING ON PORT 3000
2025-01-13T08:57:56.800Z [LEARN BACKEND] info: DB CONNECTION SUCCESSFULL
2025-01-13T08:58:16.757Z [LEARN BACKEND] info: SERVER IS RUNNING ON PORT 3000
2025-01-13T08:58:16.768Z [LEARN BACKEND] info: DB CONNECTION SUCCESSFULL
2025-01-13T08:58:33.824Z [LEARN BACKEND] info: SERVER IS RUNNING ON PORT 3000
2025-01-13T08:58:33.831Z [LEARN BACKEND] info: DB CONNECTION SUCCESSFULL
2025-01-13T08:58:59.651Z [LEARN BACKEND] info: SERVER IS RUNNING ON PORT 3000
2025-01-13T08:58:59.659Z [LEARN BACKEND] info: DB CONNECTION SUCCESSFULL
2025-01-13T08:59:16.611Z [LEARN BACKEND] info: SERVER IS RUNNING ON PORT 3000
2025-01-13T08:59:16.618Z [LEARN BACKEND] info: DB CONNECTION SUCCESSFULL
2025-01-13T09:00:01.879Z [LEARN BACKEND] info: SERVER IS RUNNING ON PORT 3000
2025-01-13T09:00:01.886Z [LEARN BACKEND] info: DB CONNECTION SUCCESSFULL
2025-01-13T09:00:23.705Z [LEARN BACKEND] info: SERVER IS RUNNING ON PORT 3000
2025-01-13T09:00:23.713Z [LEARN BACKEND] info: DB CONNECTION SUCCESSFULL
2025-01-13T09:01:06.529Z [LEARN BACKEND] info: SERVER IS RUNNING ON PORT 3000
2025-01-13T09:01:06.535Z [LEARN BACKEND] info: DB CONNECTION SUCCESSFULL
2025-01-13T09:01:26.620Z [LEARN BACKEND] info: SERVER IS RUNNING ON PORT 3000
2025-01-13T09:01:26.629Z [LEARN BACKEND] info: DB CONNECTION SUCCESSFULL
2025-01-13T09:01:47.303Z [LEARN BACKEND] info: SERVER IS RUNNING ON PORT 3000
2025-01-13T09:01:47.312Z [LEARN BACKEND] info: DB CONNECTION SUCCESSFULL
2025-01-13T09:02:32.103Z [LEARN BACKEND] info: SERVER IS RUNNING ON PORT 3000
2025-01-13T09:02:32.110Z [LEARN BACKEND] info: DB CONNECTION SUCCESSFULL
2025-01-13T09:06:41.735Z [LEARN BACKEND] info: SERVER IS RUNNING ON PORT 3000
2025-01-13T09:06:41.742Z [LEARN BACKEND] info: DB CONNECTION SUCCESSFULL
2025-01-13T09:06:55.763Z [LEARN BACKEND] info: SERVER IS RUNNING ON PORT 3000
2025-01-13T09:06:55.770Z [LEARN BACKEND] info: DB CONNECTION SUCCESSFULL
2025-01-13T09:07:04.599Z [LEARN BACKEND] info: SERVER IS RUNNING ON PORT 3000
2025-01-13T09:07:04.606Z [LEARN BACKEND] info: DB CONNECTION SUCCESSFULL
2025-01-13T09:08:18.656Z [LEARN BACKEND] info: SERVER IS RUNNING ON PORT 3000
2025-01-13T09:08:18.665Z [LEARN BACKEND] info: DB CONNECTION SUCCESSFULL
2025-01-13T09:08:22.665Z [LEARN BACKEND] info: SERVER IS RUNNING ON PORT 3000
2025-01-13T09:08:22.672Z [LEARN BACKEND] info: DB CONNECTION SUCCESSFULL
2025-01-13T09:08:32.942Z [LEARN BACKEND] info: SERVER IS RUNNING ON PORT 3000
2025-01-13T09:08:32.948Z [LEARN BACKEND] info: DB CONNECTION SUCCESSFULL
2025-01-13T09:09:20.955Z [LEARN BACKEND] info: SERVER IS RUNNING ON PORT 3000
2025-01-13T09:09:20.965Z [LEARN BACKEND] info: DB CONNECTION SUCCESSFULL
2025-01-13T09:09:36.663Z [LEARN BACKEND] info: SERVER IS RUNNING ON PORT 3000
2025-01-13T09:09:36.671Z [LEARN BACKEND] info: DB CONNECTION SUCCESSFULL
2025-01-13T09:09:59.435Z [LEARN BACKEND] info: SERVER IS RUNNING ON PORT 3000
2025-01-13T09:09:59.443Z [LEARN BACKEND] info: DB CONNECTION SUCCESSFULL
2025-01-13T09:10:19.494Z [LEARN BACKEND] info: SERVER IS RUNNING ON PORT 3000
2025-01-13T09:10:19.501Z [LEARN BACKEND] info: DB CONNECTION SUCCESSFULL
2025-01-13T09:10:37.958Z [LEARN BACKEND] info: SERVER IS RUNNING ON PORT 3000
2025-01-13T09:10:37.967Z [LEARN BACKEND] info: DB CONNECTION SUCCESSFULL
2025-01-13T09:11:05.510Z [LEARN BACKEND] info: SERVER IS RUNNING ON PORT 3000
2025-01-13T09:11:05.516Z [LEARN BACKEND] info: DB CONNECTION SUCCESSFULL
2025-01-13T09:11:13.649Z [LEARN BACKEND] info: SERVER IS RUNNING ON PORT 3000
2025-01-13T09:11:13.656Z [LEARN BACKEND] info: DB CONNECTION SUCCESSFULL
2025-01-13T09:11:18.939Z [LEARN BACKEND] info: SERVER IS RUNNING ON PORT 3000
2025-01-13T09:11:18.946Z [LEARN BACKEND] info: DB CONNECTION SUCCESSFULL
2025-01-13T09:11:43.853Z [LEARN BACKEND] info: SERVER IS RUNNING ON PORT 3000
2025-01-13T09:11:43.861Z [LEARN BACKEND] info: DB CONNECTION SUCCESSFULL
2025-01-13T09:11:54.375Z [LEARN BACKEND] info: SERVER IS RUNNING ON PORT 3000
2025-01-13T09:11:54.383Z [LEARN BACKEND] info: DB CONNECTION SUCCESSFULL
2025-01-13T09:12:04.643Z [LEARN BACKEND] info: SERVER IS RUNNING ON PORT 3000
2025-01-13T09:12:04.649Z [LEARN BACKEND] info: DB CONNECTION SUCCESSFULL
2025-01-13T09:12:08.433Z [LEARN BACKEND] info: SERVER IS RUNNING ON PORT 3000
2025-01-13T09:12:08.442Z [LEARN BACKEND] info: DB CONNECTION SUCCESSFULL
2025-01-13T09:12:37.618Z [LEARN BACKEND] info: SERVER IS RUNNING ON PORT 3000
2025-01-13T09:12:37.625Z [LEARN BACKEND] info: DB CONNECTION SUCCESSFULL
2025-01-13T09:12:43.227Z [LEARN BACKEND] info: SERVER IS RUNNING ON PORT 3000
2025-01-13T09:12:43.235Z [LEARN BACKEND] info: DB CONNECTION SUCCESSFULL
2025-01-13T09:12:54.537Z [LEARN BACKEND] info: SERVER IS RUNNING ON PORT 3000
2025-01-13T09:12:54.544Z [LEARN BACKEND] info: DB CONNECTION SUCCESSFULL
2025-01-13T09:12:58.314Z [LEARN BACKEND] info: SERVER IS RUNNING ON PORT 3000
2025-01-13T09:12:58.321Z [LEARN BACKEND] info: DB CONNECTION SUCCESSFULL
2025-01-13T09:13:02.180Z [LEARN BACKEND] info: SERVER IS RUNNING ON PORT 3000
2025-01-13T09:13:02.187Z [LEARN BACKEND] info: DB CONNECTION SUCCESSFULL
2025-01-13T09:13:31.859Z [LEARN BACKEND] info: SERVER IS RUNNING ON PORT 3000
2025-01-13T09:13:31.865Z [LEARN BACKEND] info: DB CONNECTION SUCCESSFULL
2025-01-13T09:14:05.370Z [LEARN BACKEND] info: SERVER IS RUNNING ON PORT 3000
2025-01-13T09:14:05.377Z [LEARN BACKEND] info: DB CONNECTION SUCCESSFULL
2025-01-13T09:14:05.760Z [LEARN BACKEND] info: SERVER IS RUNNING ON PORT 3000
2025-01-13T09:14:05.768Z [LEARN BACKEND] info: DB CONNECTION SUCCESSFULL
2025-01-13T09:14:07.652Z [LEARN BACKEND] info: SERVER IS RUNNING ON PORT 3000
2025-01-13T09:14:07.659Z [LEARN BACKEND] info: DB CONNECTION SUCCESSFULL
2025-01-13T09:14:33.736Z [LEARN BACKEND] info: SERVER IS RUNNING ON PORT 3000
2025-01-13T09:14:33.748Z [LEARN BACKEND] info: DB CONNECTION SUCCESSFULL
2025-01-13T09:15:00.674Z [LEARN BACKEND] info: SERVER IS RUNNING ON PORT 3000
2025-01-13T09:15:00.684Z [LEARN BACKEND] info: DB CONNECTION SUCCESSFULL
2025-01-13T09:15:08.196Z [LEARN BACKEND] info: SERVER IS RUNNING ON PORT 3000
2025-01-13T09:15:08.204Z [LEARN BACKEND] info: DB CONNECTION SUCCESSFULL
2025-01-13T09:15:49.768Z [LEARN BACKEND] info: SERVER IS RUNNING ON PORT 3000
2025-01-13T09:15:49.775Z [LEARN BACKEND] info: DB CONNECTION SUCCESSFULL
2025-01-13T09:15:50.669Z [LEARN BACKEND] info: SERVER IS RUNNING ON PORT 3000
2025-01-13T09:15:50.675Z [LEARN BACKEND] info: DB CONNECTION SUCCESSFULL
2025-01-13T09:15:52.703Z [LEARN BACKEND] info: SERVER IS RUNNING ON PORT 3000
2025-01-13T09:15:52.710Z [LEARN BACKEND] info: DB CONNECTION SUCCESSFULL
2025-01-13T09:16:20.004Z [LEARN BACKEND] info: SERVER IS RUNNING ON PORT 3000
2025-01-13T09:16:20.011Z [LEARN BACKEND] info: DB CONNECTION SUCCESSFULL
2025-01-13T09:16:23.851Z [LEARN BACKEND] info: SERVER IS RUNNING ON PORT 3000
2025-01-13T09:16:23.858Z [LEARN BACKEND] info: DB CONNECTION SUCCESSFULL
2025-01-13T09:16:45.864Z [LEARN BACKEND] info: SERVER IS RUNNING ON PORT 3000
2025-01-13T09:16:45.873Z [LEARN BACKEND] info: DB CONNECTION SUCCESSFULL
2025-01-13T09:16:59.935Z [LEARN BACKEND] info: SERVER IS RUNNING ON PORT 3000
2025-01-13T09:16:59.942Z [LEARN BACKEND] info: DB CONNECTION SUCCESSFULL
2025-01-13T09:17:11.589Z [LEARN BACKEND] info: SERVER IS RUNNING ON PORT 3000
2025-01-13T09:17:11.597Z [LEARN BACKEND] info: DB CONNECTION SUCCESSFULL
2025-01-13T09:17:35.363Z [LEARN BACKEND] info: SERVER IS RUNNING ON PORT 3000
2025-01-13T09:17:35.370Z [LEARN BACKEND] info: DB CONNECTION SUCCESSFULL
2025-01-13T09:17:52.201Z [LEARN BACKEND] info: SERVER IS RUNNING ON PORT 3000
2025-01-13T09:17:52.209Z [LEARN BACKEND] info: DB CONNECTION SUCCESSFULL
2025-01-13T09:17:59.936Z [LEARN BACKEND] info: SERVER IS RUNNING ON PORT 3000
2025-01-13T09:17:59.943Z [LEARN BACKEND] info: DB CONNECTION SUCCESSFULL
2025-01-13T09:18:08.772Z [LEARN BACKEND] info: SERVER IS RUNNING ON PORT 3000
2025-01-13T09:18:08.779Z [LEARN BACKEND] info: DB CONNECTION SUCCESSFULL
2025-01-13T09:18:12.113Z [LEARN BACKEND] info: SERVER IS RUNNING ON PORT 3000
2025-01-13T09:18:12.136Z [LEARN BACKEND] info: DB CONNECTION SUCCESSFULL
2025-01-13T09:18:17.966Z [LEARN BACKEND] info: SERVER IS RUNNING ON PORT 3000
2025-01-13T09:18:17.972Z [LEARN BACKEND] info: DB CONNECTION SUCCESSFULL
2025-01-13T09:18:35.838Z [LEARN BACKEND] info: SERVER IS RUNNING ON PORT 3000
2025-01-13T09:18:35.845Z [LEARN BACKEND] info: DB CONNECTION SUCCESSFULL
2025-01-13T09:19:00.945Z [LEARN BACKEND] info: SERVER IS RUNNING ON PORT 3000
2025-01-13T09:19:00.956Z [LEARN BACKEND] info: DB CONNECTION SUCCESSFULL
2025-01-13T09:19:06.246Z [LEARN BACKEND] info: SERVER IS RUNNING ON PORT 3000
2025-01-13T09:19:06.255Z [LEARN BACKEND] info: DB CONNECTION SUCCESSFULL
2025-01-13T09:19:19.523Z [LEARN BACKEND] info: SERVER IS RUNNING ON PORT 3000
2025-01-13T09:19:19.531Z [LEARN BACKEND] info: DB CONNECTION SUCCESSFULL
2025-01-13T09:19:20.884Z [LEARN BACKEND] info: SERVER IS RUNNING ON PORT 3000
2025-01-13T09:19:20.892Z [LEARN BACKEND] info: DB CONNECTION SUCCESSFULL
2025-01-13T09:19:42.494Z [LEARN BACKEND] info: SERVER IS RUNNING ON PORT 3000
2025-01-13T09:19:42.503Z [LEARN BACKEND] info: DB CONNECTION SUCCESSFULL
2025-01-13T09:19:45.118Z [LEARN BACKEND] info: SERVER IS RUNNING ON PORT 3000
2025-01-13T09:19:45.129Z [LEARN BACKEND] info: DB CONNECTION SUCCESSFULL
2025-01-13T09:20:03.030Z [LEARN BACKEND] info: POST /api/v1/product 404 154 - 1.332 ms
2025-01-13T09:20:52.975Z [LEARN BACKEND] info: SERVER IS RUNNING ON PORT 3000
2025-01-13T09:20:52.983Z [LEARN BACKEND] info: DB CONNECTION SUCCESSFULL
2025-01-13T09:20:55.482Z [LEARN BACKEND] info: POST /api/v1/product 401 3128 - 10.817 ms
2025-01-13T09:21:32.019Z [LEARN BACKEND] info: SERVER IS RUNNING ON PORT 3000
2025-01-13T09:21:32.027Z [LEARN BACKEND] info: DB CONNECTION SUCCESSFULL
2025-01-13T09:21:51.740Z [LEARN BACKEND] info: SERVER IS RUNNING ON PORT 3000
2025-01-13T09:21:51.747Z [LEARN BACKEND] info: DB CONNECTION SUCCESSFULL
2025-01-13T09:21:57.680Z [LEARN BACKEND] info: SERVER IS RUNNING ON PORT 3000
2025-01-13T09:21:57.687Z [LEARN BACKEND] info: DB CONNECTION SUCCESSFULL
2025-01-13T09:22:00.778Z [LEARN BACKEND] info: POST /api/v1/product 401 51 - 2.280 ms
2025-01-13T09:22:10.707Z [LEARN BACKEND] info: POST /api/v1/signin 200 651 - 46.988 ms
2025-01-13T09:23:52.330Z [LEARN BACKEND] info: POST /api/v1/product 401 51 - 1.334 ms
2025-01-13T09:24:02.934Z [LEARN BACKEND] info: POST /api/v1/product 401 3128 - 9.765 ms
2025-01-13T09:24:58.054Z [LEARN BACKEND] info: SERVER IS RUNNING ON PORT 3000
2025-01-13T09:24:58.061Z [LEARN BACKEND] info: DB CONNECTION SUCCESSFULL
2025-01-13T09:25:11.458Z [LEARN BACKEND] info: SERVER IS RUNNING ON PORT 3000
2025-01-13T09:25:11.465Z [LEARN BACKEND] info: DB CONNECTION SUCCESSFULL
2025-01-13T09:27:20.597Z [LEARN BACKEND] info: SERVER IS RUNNING ON PORT 3000
2025-01-13T09:27:20.606Z [LEARN BACKEND] info: DB CONNECTION SUCCESSFULL
2025-01-13T09:29:37.208Z [LEARN BACKEND] info: SERVER IS RUNNING ON PORT 3000
2025-01-13T09:29:37.216Z [LEARN BACKEND] info: DB CONNECTION SUCCESSFULL
2025-01-13T09:29:39.314Z [LEARN BACKEND] info: SERVER IS RUNNING ON PORT 3000
2025-01-13T09:29:39.321Z [LEARN BACKEND] info: DB CONNECTION SUCCESSFULL
2025-01-13T09:29:41.437Z [LEARN BACKEND] info: SERVER IS RUNNING ON PORT 3000
2025-01-13T09:29:41.450Z [LEARN BACKEND] info: DB CONNECTION SUCCESSFULL
2025-01-13T09:30:21.127Z [LEARN BACKEND] info: SERVER IS RUNNING ON PORT 3000
2025-01-13T09:30:21.133Z [LEARN BACKEND] info: DB CONNECTION SUCCESSFULL
2025-01-13T09:30:24.709Z [LEARN BACKEND] info: SERVER IS RUNNING ON PORT 3000
2025-01-13T09:30:24.717Z [LEARN BACKEND] info: DB CONNECTION SUCCESSFULL
2025-01-13T09:31:53.092Z [LEARN BACKEND] info: SERVER IS RUNNING ON PORT 3000
2025-01-13T09:31:53.098Z [LEARN BACKEND] info: DB CONNECTION SUCCESSFULL
2025-01-13T09:34:56.921Z [LEARN BACKEND] info: SERVER IS RUNNING ON PORT 3000
2025-01-13T09:34:56.930Z [LEARN BACKEND] info: DB CONNECTION SUCCESSFULL
2025-01-13T09:34:58.970Z [LEARN BACKEND] info: POST /api/v1/product 400 3128 - 13.266 ms
2025-01-13T09:35:04.772Z [LEARN BACKEND] info: SERVER IS RUNNING ON PORT 3000
2025-01-13T09:35:04.779Z [LEARN BACKEND] info: DB CONNECTION SUCCESSFULL
2025-01-13T09:35:12.634Z [LEARN BACKEND] info: POST /api/v1/product 400 3128 - 9.903 ms
2025-01-13T09:35:31.027Z [LEARN BACKEND] info: POST /api/v1/product 400 3128 - 5.915 ms
2025-01-13T09:35:43.925Z [LEARN BACKEND] info: SERVER IS RUNNING ON PORT 3000
2025-01-13T09:35:43.932Z [LEARN BACKEND] info: DB CONNECTION SUCCESSFULL
2025-01-13T09:35:48.206Z [LEARN BACKEND] info: POST /api/v1/product 400 50 - 3.151 ms
2025-01-13T09:35:58.939Z [LEARN BACKEND] info: SERVER IS RUNNING ON PORT 3000
2025-01-13T09:35:58.948Z [LEARN BACKEND] info: DB CONNECTION SUCCESSFULL
2025-01-13T09:36:21.318Z [LEARN BACKEND] info: SERVER IS RUNNING ON PORT 3000
2025-01-13T09:36:21.324Z [LEARN BACKEND] info: DB CONNECTION SUCCESSFULL
2025-01-13T09:36:52.928Z [LEARN BACKEND] info: SERVER IS RUNNING ON PORT 3000
2025-01-13T09:36:52.940Z [LEARN BACKEND] info: DB CONNECTION SUCCESSFULL
2025-01-13T09:36:55.655Z [LEARN BACKEND] info: SERVER IS RUNNING ON PORT 3000
2025-01-13T09:36:55.662Z [LEARN BACKEND] info: DB CONNECTION SUCCESSFULL
2025-01-13T09:36:56.524Z [LEARN BACKEND] info: SERVER IS RUNNING ON PORT 3000
2025-01-13T09:36:56.531Z [LEARN BACKEND] info: DB CONNECTION SUCCESSFULL
2025-01-13T09:37:01.508Z [LEARN BACKEND] info: POST /api/v1/product 400 50 - 3.656 ms
2025-01-13T09:37:14.657Z [LEARN BACKEND] info: SERVER IS RUNNING ON PORT 3000
2025-01-13T09:37:14.663Z [LEARN BACKEND] info: DB CONNECTION SUCCESSFULL
2025-01-13T09:38:12.280Z [LEARN BACKEND] info: SERVER IS RUNNING ON PORT 3000
2025-01-13T09:38:12.288Z [LEARN BACKEND] info: DB CONNECTION SUCCESSFULL
2025-01-13T09:38:14.182Z [LEARN BACKEND] info: SERVER IS RUNNING ON PORT 3000
2025-01-13T09:38:14.190Z [LEARN BACKEND] info: DB CONNECTION SUCCESSFULL
2025-01-13T09:38:21.064Z [LEARN BACKEND] info: POST /api/v1/product 403 50 - 4.294 ms
2025-01-13T09:38:35.429Z [LEARN BACKEND] info: GET /api/v1/refreshToken 200 555 - 5.614 ms
2025-01-13T09:38:48.783Z [LEARN BACKEND] info: POST /api/v1/product 403 50 - 0.947 ms
2025-01-13T09:38:55.294Z [LEARN BACKEND] info: POST /api/v1/product 403 50 - 0.891 ms
2025-01-13T09:39:00.494Z [LEARN BACKEND] info: GET /api/v1/refreshToken 200 555 - 3.161 ms
2025-01-13T09:39:10.160Z [LEARN BACKEND] info: POST /api/v1/product 400 50 - 0.999 ms
2025-01-13T09:40:05.579Z [LEARN BACKEND] info: POST /api/v1/product 400 50 - 1.955 ms
2025-01-13T09:40:27.148Z [LEARN BACKEND] info: SERVER IS RUNNING ON PORT 3000
2025-01-13T09:40:27.155Z [LEARN BACKEND] info: DB CONNECTION SUCCESSFULL
2025-01-13T09:40:38.566Z [LEARN BACKEND] info: SERVER IS RUNNING ON PORT 3000
2025-01-13T09:40:38.573Z [LEARN BACKEND] info: DB CONNECTION SUCCESSFULL
2025-01-13T09:40:46.432Z [LEARN BACKEND] info: SERVER IS RUNNING ON PORT 3000
2025-01-13T09:40:46.438Z [LEARN BACKEND] info: DB CONNECTION SUCCESSFULL
2025-01-13T09:40:54.956Z [LEARN BACKEND] info: SERVER IS RUNNING ON PORT 3000
2025-01-13T09:40:54.962Z [LEARN BACKEND] info: DB CONNECTION SUCCESSFULL
2025-01-13T09:41:02.764Z [LEARN BACKEND] info: SERVER IS RUNNING ON PORT 3000
2025-01-13T09:41:02.771Z [LEARN BACKEND] info: DB CONNECTION SUCCESSFULL
2025-01-13T09:41:08.915Z [LEARN BACKEND] info: SERVER IS RUNNING ON PORT 3000
2025-01-13T09:41:08.924Z [LEARN BACKEND] info: DB CONNECTION SUCCESSFULL
2025-01-13T09:41:16.968Z [LEARN BACKEND] info: SERVER IS RUNNING ON PORT 3000
2025-01-13T09:41:16.975Z [LEARN BACKEND] info: DB CONNECTION SUCCESSFULL
2025-01-13T09:41:26.702Z [LEARN BACKEND] info: SERVER IS RUNNING ON PORT 3000
2025-01-13T09:41:26.709Z [LEARN BACKEND] info: DB CONNECTION SUCCESSFULL
2025-01-13T09:41:29.350Z [LEARN BACKEND] info: POST /api/v1/product 400 44 - 4.326 ms
2025-01-13T09:42:17.668Z [LEARN BACKEND] info: POST /api/v1/product 400 50 - 1.795 ms
2025-01-13T09:42:23.540Z [LEARN BACKEND] info: POST /api/v1/product 400 44 - 0.369 ms
2025-01-13T09:42:29.449Z [LEARN BACKEND] info: SERVER IS RUNNING ON PORT 3000
2025-01-13T09:42:29.456Z [LEARN BACKEND] info: DB CONNECTION SUCCESSFULL
2025-01-13T09:42:48.280Z [LEARN BACKEND] info: SERVER IS RUNNING ON PORT 3000
2025-01-13T09:42:48.290Z [LEARN BACKEND] info: DB CONNECTION SUCCESSFULL
2025-01-13T09:42:51.209Z [LEARN BACKEND] info: POST /api/v1/product 400 463 - 15.414 ms
2025-01-13T09:43:53.020Z [LEARN BACKEND] info: SERVER IS RUNNING ON PORT 3000
2025-01-13T09:43:53.028Z [LEARN BACKEND] info: DB CONNECTION SUCCESSFULL
2025-01-13T09:43:56.429Z [LEARN BACKEND] info: POST /api/v1/product 201 699 - 20.972 ms
2025-01-13T09:45:24.585Z [LEARN BACKEND] info: SERVER IS RUNNING ON PORT 3000
2025-01-13T09:45:24.595Z [LEARN BACKEND] info: DB CONNECTION SUCCESSFULL
2025-01-13T09:45:27.560Z [LEARN BACKEND] info: SERVER IS RUNNING ON PORT 3000
2025-01-13T09:45:27.569Z [LEARN BACKEND] info: DB CONNECTION SUCCESSFULL
2025-01-13T09:45:39.006Z [LEARN BACKEND] info: SERVER IS RUNNING ON PORT 3000
2025-01-13T09:45:39.015Z [LEARN BACKEND] info: DB CONNECTION SUCCESSFULL
2025-01-13T09:45:47.444Z [LEARN BACKEND] info: SERVER IS RUNNING ON PORT 3000
2025-01-13T09:45:47.453Z [LEARN BACKEND] info: DB CONNECTION SUCCESSFULL
2025-01-13T09:47:28.476Z [LEARN BACKEND] info: SERVER IS RUNNING ON PORT 3000
2025-01-13T09:47:28.489Z [LEARN BACKEND] info: DB CONNECTION SUCCESSFULL
2025-01-13T09:47:42.424Z [LEARN BACKEND] info: SERVER IS RUNNING ON PORT 3000
2025-01-13T09:47:42.431Z [LEARN BACKEND] info: DB CONNECTION SUCCESSFULL
2025-01-13T09:47:51.071Z [LEARN BACKEND] info: SERVER IS RUNNING ON PORT 3000
2025-01-13T09:47:51.079Z [LEARN BACKEND] info: DB CONNECTION SUCCESSFULL
2025-01-13T09:47:54.617Z [LEARN BACKEND] info: SERVER IS RUNNING ON PORT 3000
2025-01-13T09:47:54.625Z [LEARN BACKEND] info: DB CONNECTION SUCCESSFULL
2025-01-13T09:48:50.979Z [LEARN BACKEND] info: SERVER IS RUNNING ON PORT 3000
2025-01-13T09:48:50.986Z [LEARN BACKEND] info: DB CONNECTION SUCCESSFULL
2025-01-13T09:49:00.512Z [LEARN BACKEND] info: SERVER IS RUNNING ON PORT 3000
2025-01-13T09:49:00.520Z [LEARN BACKEND] info: DB CONNECTION SUCCESSFULL
2025-01-13T09:49:03.299Z [LEARN BACKEND] info: GET /api/v1/product/6784e05c2fdaa98c7bc6aeed 401 51 - 1.936 ms
2025-01-13T09:49:10.800Z [LEARN BACKEND] info: GET /api/v1/product/6784e05c2fdaa98c7bc6aeed 400 41 - 6.891 ms
2025-01-13T09:49:19.944Z [LEARN BACKEND] info: SERVER IS RUNNING ON PORT 3000
2025-01-13T09:49:19.951Z [LEARN BACKEND] info: DB CONNECTION SUCCESSFULL
2025-01-13T09:49:21.970Z [LEARN BACKEND] info: SERVER IS RUNNING ON PORT 3000
2025-01-13T09:49:21.977Z [LEARN BACKEND] info: DB CONNECTION SUCCESSFULL
2025-01-13T09:49:23.990Z [LEARN BACKEND] info: GET /api/v1/product/6784e05c2fdaa98c7bc6aeed 400 25 - 4.562 ms
2025-01-13T09:49:36.376Z [LEARN BACKEND] info: SERVER IS RUNNING ON PORT 3000
2025-01-13T09:49:36.385Z [LEARN BACKEND] info: DB CONNECTION SUCCESSFULL
2025-01-13T09:49:38.364Z [LEARN BACKEND] info: GET /api/v1/product/6784e05c2fdaa98c7bc6aeed 201 699 - 18.038 ms
2025-01-13T09:53:30.578Z [LEARN BACKEND] info: SERVER IS RUNNING ON PORT 3000
2025-01-13T09:53:30.592Z [LEARN BACKEND] info: DB CONNECTION SUCCESSFULL
2025-01-13T09:53:34.832Z [LEARN BACKEND] info: SERVER IS RUNNING ON PORT 3000
2025-01-13T09:53:34.841Z [LEARN BACKEND] info: DB CONNECTION SUCCESSFULL
2025-01-13T09:53:42.480Z [LEARN BACKEND] info: SERVER IS RUNNING ON PORT 3000
2025-01-13T09:53:42.487Z [LEARN BACKEND] info: DB CONNECTION SUCCESSFULL
2025-01-13T09:53:54.784Z [LEARN BACKEND] info: SERVER IS RUNNING ON PORT 3000
2025-01-13T09:53:54.791Z [LEARN BACKEND] info: DB CONNECTION SUCCESSFULL
2025-01-13T09:53:55.281Z [LEARN BACKEND] info: SERVER IS RUNNING ON PORT 3000
2025-01-13T09:53:55.289Z [LEARN BACKEND] info: DB CONNECTION SUCCESSFULL
2025-01-13T09:54:16.436Z [LEARN BACKEND] info: SERVER IS RUNNING ON PORT 3000
2025-01-13T09:54:16.444Z [LEARN BACKEND] info: DB CONNECTION SUCCESSFULL
2025-01-13T09:54:18.057Z [LEARN BACKEND] info: SERVER IS RUNNING ON PORT 3000
2025-01-13T09:54:18.063Z [LEARN BACKEND] info: DB CONNECTION SUCCESSFULL
2025-01-13T09:54:33.924Z [LEARN BACKEND] info: SERVER IS RUNNING ON PORT 3000
2025-01-13T09:54:33.930Z [LEARN BACKEND] info: DB CONNECTION SUCCESSFULL
2025-01-13T09:54:50.373Z [LEARN BACKEND] info: SERVER IS RUNNING ON PORT 3000
2025-01-13T09:54:50.380Z [LEARN BACKEND] info: DB CONNECTION SUCCESSFULL
2025-01-13T09:55:11.464Z [LEARN BACKEND] info: SERVER IS RUNNING ON PORT 3000
2025-01-13T09:55:11.473Z [LEARN BACKEND] info: DB CONNECTION SUCCESSFULL
2025-01-13T09:55:24.737Z [LEARN BACKEND] info: SERVER IS RUNNING ON PORT 3000
2025-01-13T09:55:24.745Z [LEARN BACKEND] info: DB CONNECTION SUCCESSFULL
2025-01-13T09:55:29.399Z [LEARN BACKEND] info: SERVER IS RUNNING ON PORT 3000
2025-01-13T09:55:29.405Z [LEARN BACKEND] info: DB CONNECTION SUCCESSFULL
2025-01-13T09:55:30.893Z [LEARN BACKEND] info: SERVER IS RUNNING ON PORT 3000
2025-01-13T09:55:30.900Z [LEARN BACKEND] info: DB CONNECTION SUCCESSFULL
2025-01-13T09:55:35.198Z [LEARN BACKEND] info: SERVER IS RUNNING ON PORT 3000
2025-01-13T09:55:35.205Z [LEARN BACKEND] info: DB CONNECTION SUCCESSFULL
2025-01-13T09:55:37.213Z [LEARN BACKEND] info: SERVER IS RUNNING ON PORT 3000
2025-01-13T09:55:37.220Z [LEARN BACKEND] info: DB CONNECTION SUCCESSFULL
2025-01-13T09:55:52.865Z [LEARN BACKEND] info: SERVER IS RUNNING ON PORT 3000
2025-01-13T09:55:52.872Z [LEARN BACKEND] info: DB CONNECTION SUCCESSFULL
2025-01-13T09:56:11.345Z [LEARN BACKEND] info: SERVER IS RUNNING ON PORT 3000
2025-01-13T09:56:11.353Z [LEARN BACKEND] info: DB CONNECTION SUCCESSFULL
2025-01-13T09:56:40.525Z [LEARN BACKEND] info: SERVER IS RUNNING ON PORT 3000
2025-01-13T09:56:40.533Z [LEARN BACKEND] info: DB CONNECTION SUCCESSFULL
2025-01-13T09:56:56.955Z [LEARN BACKEND] info: SERVER IS RUNNING ON PORT 3000
2025-01-13T09:56:56.961Z [LEARN BACKEND] info: DB CONNECTION SUCCESSFULL
2025-01-13T09:58:06.014Z [LEARN BACKEND] info: GET /api/v1/product/6784e05c2fdaa98c7bc6aeed 403 50 - 4.717 ms
2025-01-13T09:58:10.477Z [LEARN BACKEND] info: GET /api/v1/refreshToken 200 555 - 5.374 ms
2025-01-13T09:58:27.666Z [LEARN BACKEND] info: PUT /api/v1/product/ 404 154 - 2.412 ms
2025-01-13T09:58:35.456Z [LEARN BACKEND] info: PUT /api/v1/product/6784e05c2fdaa98c7bc6aeed 500 25 - 1.562 ms
2025-01-13T09:58:52.528Z [LEARN BACKEND] info: SERVER IS RUNNING ON PORT 3000
2025-01-13T09:58:52.535Z [LEARN BACKEND] info: DB CONNECTION SUCCESSFULL
2025-01-13T09:59:34.134Z [LEARN BACKEND] info: SERVER IS RUNNING ON PORT 3000
2025-01-13T09:59:34.141Z [LEARN BACKEND] info: DB CONNECTION SUCCESSFULL
2025-01-13T09:59:51.484Z [LEARN BACKEND] info: SERVER IS RUNNING ON PORT 3000
2025-01-13T09:59:51.492Z [LEARN BACKEND] info: DB CONNECTION SUCCESSFULL
2025-01-13T10:00:02.977Z [LEARN BACKEND] info: SERVER IS RUNNING ON PORT 3000
2025-01-13T10:00:02.988Z [LEARN BACKEND] info: DB CONNECTION SUCCESSFULL
2025-01-13T10:00:05.716Z [LEARN BACKEND] info: PUT /api/v1/product/6784e05c2fdaa98c7bc6aeed 500 25 - 4.715 ms
2025-01-13T10:00:29.465Z [LEARN BACKEND] info: SERVER IS RUNNING ON PORT 3000
2025-01-13T10:00:29.472Z [LEARN BACKEND] info: DB CONNECTION SUCCESSFULL
2025-01-13T10:00:33.202Z [LEARN BACKEND] info: PUT /api/v1/product/6784e05c2fdaa98c7bc6aeed 500 25 - 3.842 ms
2025-01-13T10:00:54.833Z [LEARN BACKEND] info: SERVER IS RUNNING ON PORT 3000
2025-01-13T10:00:54.840Z [LEARN BACKEND] info: DB CONNECTION SUCCESSFULL
2025-01-13T10:00:58.444Z [LEARN BACKEND] info: PUT /api/v1/product/6784e05c2fdaa98c7bc6aeed 201 701 - 33.384 ms
2025-01-13T10:01:32.298Z [LEARN BACKEND] info: PUT /api/v1/product/6784e05c2fdaa98c7bc6aeed 201 711 - 5.064 ms
2025-01-13T10:01:54.671Z [LEARN BACKEND] info: PUT /api/v1/product/6784e05c2fdaa98c7bc6aeed 201 700 - 7.445 ms
2025-01-13T10:02:20.749Z [LEARN BACKEND] info: SERVER IS RUNNING ON PORT 3000
2025-01-13T10:02:20.757Z [LEARN BACKEND] info: DB CONNECTION SUCCESSFULL
2025-01-13T10:02:27.357Z [LEARN BACKEND] info: SERVER IS RUNNING ON PORT 3000
2025-01-13T10:02:27.363Z [LEARN BACKEND] info: DB CONNECTION SUCCESSFULL
2025-01-13T10:02:34.080Z [LEARN BACKEND] info: SERVER IS RUNNING ON PORT 3000
2025-01-13T10:02:34.085Z [LEARN BACKEND] info: DB CONNECTION SUCCESSFULL
2025-01-13T10:03:47.066Z [LEARN BACKEND] info: SERVER IS RUNNING ON PORT 3000
2025-01-13T10:03:47.101Z [LEARN BACKEND] info: DB CONNECTION SUCCESSFULL
2025-01-13T10:03:57.048Z [LEARN BACKEND] info: SERVER IS RUNNING ON PORT 3000
2025-01-13T10:03:57.056Z [LEARN BACKEND] info: DB CONNECTION SUCCESSFULL
2025-01-13T10:04:10.072Z [LEARN BACKEND] info: SERVER IS RUNNING ON PORT 3000
2025-01-13T10:04:10.079Z [LEARN BACKEND] info: DB CONNECTION SUCCESSFULL
2025-01-13T10:04:21.118Z [LEARN BACKEND] info: SERVER IS RUNNING ON PORT 3000
2025-01-13T10:04:21.124Z [LEARN BACKEND] info: DB CONNECTION SUCCESSFULL
2025-01-13T10:04:29.836Z [LEARN BACKEND] info: SERVER IS RUNNING ON PORT 3000
2025-01-13T10:04:29.847Z [LEARN BACKEND] info: DB CONNECTION SUCCESSFULL
2025-01-13T10:04:30.722Z [LEARN BACKEND] info: SERVER IS RUNNING ON PORT 3000
2025-01-13T10:04:30.730Z [LEARN BACKEND] info: DB CONNECTION SUCCESSFULL
2025-01-13T10:04:41.743Z [LEARN BACKEND] info: SERVER IS RUNNING ON PORT 3000
2025-01-13T10:04:41.751Z [LEARN BACKEND] info: DB CONNECTION SUCCESSFULL
2025-01-13T10:05:23.899Z [LEARN BACKEND] info: GET /api/v1/product 201 701 - 28.495 ms
2025-01-13T10:05:49.775Z [LEARN BACKEND] info: SERVER IS RUNNING ON PORT 3000
2025-01-13T10:05:49.784Z [LEARN BACKEND] info: DB CONNECTION SUCCESSFULL
2025-01-13T10:05:51.961Z [LEARN BACKEND] info: GET /api/v1/product 200 701 - 12.270 ms
2025-01-13T10:26:50.747Z [LEARN BACKEND] info: GET /api/v1/product/6784e05c2fdaa98c7bc6aeed 403 50 - 10.549 ms
2025-01-13T10:26:55.981Z [LEARN BACKEND] info: GET /api/v1/refreshToken 200 555 - 8.109 ms
2025-01-13T10:27:26.613Z [LEARN BACKEND] info: GET /api/v1/product 403 50 - 2.114 ms
2025-01-13T10:27:38.821Z [LEARN BACKEND] info: GET /api/v1/product 200 701 - 55.039 ms
2025-01-13T10:28:14.829Z [LEARN BACKEND] info: PUT /api/v1/product/6784e05c2fdaa98c7bc6aeed 403 50 - 4.073 ms
2025-01-13T10:28:20.985Z [LEARN BACKEND] info: PUT /api/v1/product/6784e05c2fdaa98c7bc6aeed 201 687 - 27.076 ms
