2025-01-16T05:41:29.349Z [LEARN BACKEND] info: SERVER IS RUNNING ON PORT 3000
2025-01-16T05:41:29.382Z [LEARN BACKEND] info: DB CONNECTION SUCCESSFULL
2025-01-16T05:44:27.302Z [LEARN BACKEND] info: SERVER IS RUNNING ON PORT 3000
2025-01-16T05:44:27.308Z [LEARN BACKEND] info: DB CONNECTION SUCCESSFULL
2025-01-16T05:51:48.139Z [LEARN BACKEND] info: SERVER IS RUNNING ON PORT 3000
2025-01-16T05:51:48.154Z [LEARN BACKEND] info: DB CONNECTION SUCCESSFULL
2025-01-16T05:51:55.834Z [LEARN BACKEND] info: SERVER IS RUNNING ON PORT 3000
2025-01-16T05:51:55.842Z [LEARN BACKEND] info: DB CONNECTION SUCCESSFULL
2025-01-16T05:52:11.033Z [LEARN BACKEND] info: SERVER IS RUNNING ON PORT 3000
2025-01-16T05:52:11.039Z [LEARN BACKEND] info: DB CONNECTION SUCCESSFULL
2025-01-16T05:52:20.639Z [LEARN BACKEND] info: SERVER IS RUNNING ON PORT 3000
2025-01-16T05:52:20.645Z [LEARN BACKEND] info: DB CONNECTION SUCCESSFULL
2025-01-16T05:52:32.752Z [LEARN BACKEND] info: SERVER IS RUNNING ON PORT 3000
2025-01-16T05:52:32.760Z [LEARN BACKEND] info: DB CONNECTION SUCCESSFULL
2025-01-16T05:52:34.206Z [LEARN BACKEND] info: SERVER IS RUNNING ON PORT 3000
2025-01-16T05:52:34.215Z [LEARN BACKEND] info: DB CONNECTION SUCCESSFULL
2025-01-16T06:05:51.180Z [LEARN BACKEND] info: SERVER IS RUNNING ON PORT 3000
2025-01-16T06:05:51.200Z [LEARN BACKEND] info: DB CONNECTION SUCCESSFULL
2025-01-16T06:05:52.515Z [LEARN BACKEND] info: SERVER IS RUNNING ON PORT 3000
2025-01-16T06:05:52.524Z [LEARN BACKEND] info: DB CONNECTION SUCCESSFULL
2025-01-16T06:05:56.289Z [LEARN BACKEND] info: SERVER IS RUNNING ON PORT 3000
2025-01-16T06:05:56.296Z [LEARN BACKEND] info: DB CONNECTION SUCCESSFULL
2025-01-16T06:08:16.462Z [LEARN BACKEND] info: GET //signin 404 146 - 2.762 ms
2025-01-16T06:08:22.148Z [LEARN BACKEND] info: POST //signin 404 147 - 0.428 ms
2025-01-16T06:08:28.940Z [LEARN BACKEND] info: POST /signin 404 146 - 0.149 ms
2025-01-16T06:09:46.499Z [LEARN BACKEND] info: POST /api/v1/signin 400 52 - 36.241 ms
2025-01-16T06:09:56.707Z [LEARN BACKEND] error: db already exists with different case already have: [okBarter] trying to create [okbarter]
2025-01-16T06:09:56.707Z [LEARN BACKEND] info: POST /api/v1/signup 500 269 - 114.753 ms
2025-01-16T06:11:34.247Z [LEARN BACKEND] info: SERVER IS RUNNING ON PORT 3000
2025-01-16T06:11:34.255Z [LEARN BACKEND] info: DB CONNECTION SUCCESSFULL
2025-01-16T06:11:41.174Z [LEARN BACKEND] info: POST /api/v1/signup 200 645 - 129.495 ms
2025-01-16T06:12:11.643Z [LEARN BACKEND] info: POST /api/v1/signin 200 657 - 11.316 ms
2025-01-16T06:12:45.863Z [LEARN BACKEND] info: GET /api/v1/signup 404 152 - 1.492 ms
2025-01-16T06:12:49.449Z [LEARN BACKEND] info: POST /api/v1/signup 400 47 - 5.564 ms
2025-01-16T06:14:23.681Z [LEARN BACKEND] info: GET /api/v1/refreshToken 200 559 - 1.495 ms
2025-01-16T06:39:01.346Z [LEARN BACKEND] info: SERVER IS RUNNING ON PORT 3000
2025-01-16T06:39:01.353Z [LEARN BACKEND] info: DB CONNECTION SUCCESSFULL
2025-01-16T06:39:09.274Z [LEARN BACKEND] info: POST /api/v1/signin 200 657 - 26.812 ms
